<?xml version="1.0" encoding="UTF-8"?>
<!-- Generated by org.testng.reporters.JUnitXMLReporter -->
<testsuite ignored="0" hostname="SarojPulajwar" failures="1" tests="1" name="RegressionTest" time="25.089" errors="0" timestamp="2022-11-10T21:25:16 IST">
  <testcase classname="com.TestLayer.CreateAccountTest" name="verifyCreateAccount" time="6.021">
    <failure type="java.lang.NullPointerException" message="Cannot invoke &amp;quot;org.openqa.selenium.interactions.Actions.moveToElement(org.openqa.selenium.WebElement)&amp;quot; because &amp;quot;this.action&amp;quot; is null">
      <![CDATA[java.lang.NullPointerException: Cannot invoke "org.openqa.selenium.interactions.Actions.moveToElement(org.openqa.selenium.WebElement)" because "this.action" is null
at com.PageLayer.HomePage.moveToAccounts(HomePage.java:45)
at com.TestLayer.CreateAccountTest.verifyCreateAccount(CreateAccountTest.java:13)
at java.base/java.util.ArrayList.forEach(ArrayList.java:1511)
... Removed 27 stack frames]]>
    </failure>
  </testcase> <!-- verifyCreateAccount -->
</testsuite> <!-- RegressionTest -->
