<?xml version="1.0" encoding="UTF-8"?>
<testng-results ignored="0" total="1" passed="1" failed="0" skipped="0">
  <reporter-output>
  </reporter-output>
  <suite started-at="2022-11-08T16:36:14 IST" name="RegressionSuite" finished-at="2022-11-08T16:36:39 IST" duration-ms="24932">
    <groups>
    </groups>
    <test started-at="2022-11-08T16:36:14 IST" name="RegressionTest" finished-at="2022-11-08T16:36:39 IST" duration-ms="24932">
      <class name="com.TestLayer.LogginTest">
        <test-method is-config="true" signature="start()[pri:0, instance:com.TestLayer.LogginTest@1623b78d]" started-at="2022-11-08T16:36:14 IST" name="start" finished-at="2022-11-08T16:36:14 IST" duration-ms="279" status="PASS">
          <reporter-output>
          </reporter-output>
        </test-method> <!-- start -->
        <test-method is-config="true" signature="browserLaunch(java.lang.String)[pri:0, instance:com.TestLayer.LogginTest@1623b78d]" started-at="2022-11-08T16:36:14 IST" name="browserLaunch" finished-at="2022-11-08T16:36:30 IST" duration-ms="15515" status="PASS">
          <params>
            <param index="0">
              <value>
                <![CDATA[chrome]]>
              </value>
            </param>
          </params>
          <reporter-output>
          </reporter-output>
        </test-method> <!-- browserLaunch -->
        <test-method signature="verifyLoginTest()[pri:0, instance:com.TestLayer.LogginTest@1623b78d]" started-at="2022-11-08T16:36:30 IST" name="verifyLoginTest" finished-at="2022-11-08T16:36:38 IST" duration-ms="8469" status="PASS">
          <reporter-output>
          </reporter-output>
        </test-method> <!-- verifyLoginTest -->
        <test-method is-config="true" signature="browserClose()[pri:0, instance:com.TestLayer.LogginTest@1623b78d]" started-at="2022-11-08T16:36:38 IST" name="browserClose" finished-at="2022-11-08T16:36:39 IST" duration-ms="593" status="PASS">
          <reporter-output>
          </reporter-output>
        </test-method> <!-- browserClose -->
        <test-method is-config="true" signature="stop()[pri:0, instance:com.TestLayer.LogginTest@1623b78d]" started-at="2022-11-08T16:36:39 IST" name="stop" finished-at="2022-11-08T16:36:39 IST" duration-ms="1" status="PASS">
          <reporter-output>
          </reporter-output>
        </test-method> <!-- stop -->
      </class> <!-- com.TestLayer.LogginTest -->
    </test> <!-- RegressionTest -->
  </suite> <!-- RegressionSuite -->
</testng-results>
